0 info it worked if it ends with ok
1 verbose cli [ 'C:\\Program Files\\nodejs\\node.exe',
1 verbose cli   'C:\\Program Files\\nodejs\\node_modules\\npm\\bin\\npm-cli.js',
1 verbose cli   'i',
1 verbose cli   '-S',
1 verbose cli   'babel-loader@next' ]
2 info using npm@3.10.9
3 info using node@v7.2.0
4 silly loadCurrentTree Starting
5 silly install loadCurrentTree
6 silly install readLocalPackageData
7 silly fetchPackageMetaData babel-loader@next
8 silly fetchNamedPackageData babel-loader
9 silly mapToRegistry name babel-loader
10 silly mapToRegistry using default registry
11 silly mapToRegistry registry https://registry.npmjs.org/
12 silly mapToRegistry data Result {
12 silly mapToRegistry   raw: 'babel-loader',
12 silly mapToRegistry   scope: null,
12 silly mapToRegistry   escapedName: 'babel-loader',
12 silly mapToRegistry   name: 'babel-loader',
12 silly mapToRegistry   rawSpec: '',
12 silly mapToRegistry   spec: 'latest',
12 silly mapToRegistry   type: 'tag' }
13 silly mapToRegistry uri https://registry.npmjs.org/babel-loader
14 verbose request uri https://registry.npmjs.org/babel-loader
15 verbose request no auth needed
16 info attempt registry request try #1 at 8:57:06 PM
17 verbose request id d9d8615ee9173457
18 verbose etag W/"58e7423f-15a3c"
19 verbose lastModified Fri, 07 Apr 2017 07:39:43 GMT
20 http request GET https://registry.npmjs.org/babel-loader
21 http 200 https://registry.npmjs.org/babel-loader
22 verbose headers { server: 'nginx/1.10.1',
22 verbose headers   'content-type': 'application/json',
22 verbose headers   'last-modified': 'Tue, 02 May 2017 07:48:23 GMT',
22 verbose headers   etag: 'W/"590839c7-1647a"',
22 verbose headers   'content-encoding': 'gzip',
22 verbose headers   'cache-control': 'max-age=300',
22 verbose headers   'content-length': '10953',
22 verbose headers   'accept-ranges': 'bytes',
22 verbose headers   date: 'Thu, 04 May 2017 03:57:11 GMT',
22 verbose headers   via: '1.1 varnish',
22 verbose headers   age: '42',
22 verbose headers   connection: 'keep-alive',
22 verbose headers   'x-served-by': 'cache-sjc3144-SJC',
22 verbose headers   'x-cache': 'HIT',
22 verbose headers   'x-cache-hits': '1',
22 verbose headers   'x-timer': 'S1493870232.893477,VS0,VE1',
22 verbose headers   vary: 'Accept-Encoding' }
23 silly get cb [ 200,
23 silly get   { server: 'nginx/1.10.1',
23 silly get     'content-type': 'application/json',
23 silly get     'last-modified': 'Tue, 02 May 2017 07:48:23 GMT',
23 silly get     etag: 'W/"590839c7-1647a"',
23 silly get     'content-encoding': 'gzip',
23 silly get     'cache-control': 'max-age=300',
23 silly get     'content-length': '10953',
23 silly get     'accept-ranges': 'bytes',
23 silly get     date: 'Thu, 04 May 2017 03:57:11 GMT',
23 silly get     via: '1.1 varnish',
23 silly get     age: '42',
23 silly get     connection: 'keep-alive',
23 silly get     'x-served-by': 'cache-sjc3144-SJC',
23 silly get     'x-cache': 'HIT',
23 silly get     'x-cache-hits': '1',
23 silly get     'x-timer': 'S1493870232.893477,VS0,VE1',
23 silly get     vary: 'Accept-Encoding' } ]
24 verbose get saving babel-loader to C:\Users\Byron\AppData\Roaming\npm-cache\registry.npmjs.org\babel-loader\.cache.json
25 verbose correctMkdir C:\Users\Byron\AppData\Roaming\npm-cache correctMkdir not in flight; initializing
26 silly fetchPackageMetaData Error: No compatible version found: babel-loader@next
26 silly fetchPackageMetaData Valid install targets:
26 silly fetchPackageMetaData 7.0.0, 7.0.0-beta.1, 7.0.0-alpha.3, 7.0.0-alpha.2, 7.0.0-alpha.1, 6.4.1, 6.4.0, 6.3.2, 6.3.1, 6.3.0, 6.2.10, 6.2.9, 6.2.8, 6.2.7, 6.2.6, 6.2.5, 6.2.4, 6.2.3, 6.2.2, 6.2.1, 6.2.0, 6.1.0, 6.0.1, 6.0.0, 5.4.2, 5.4.1, 5.4.0, 5.3.3, 5.3.2, 5.3.1, 5.3.0, 5.2.2, 5.2.1, 5.2.0, 5.1.4, 5.1.3, 5.1.2, 5.1.0, 5.0.0, 4.3.0, 4.2.0, 4.1.0, 4.0.0
26 silly fetchPackageMetaData
26 silly fetchPackageMetaData     at pickVersionFromRegistryDocument (C:\Program Files\nodejs\node_modules\npm\lib\fetch-package-metadata.js:178:16)
26 silly fetchPackageMetaData     at C:\Program Files\nodejs\node_modules\npm\node_modules\iferr\index.js:13:50
26 silly fetchPackageMetaData     at C:\Program Files\nodejs\node_modules\npm\lib\utils\pulse-till-done.js:20:8
26 silly fetchPackageMetaData     at saved (C:\Program Files\nodejs\node_modules\npm\lib\cache\caching-client.js:174:7)
26 silly fetchPackageMetaData     at C:\Program Files\nodejs\node_modules\npm\node_modules\graceful-fs\polyfills.js:241:18
26 silly fetchPackageMetaData     at FSReqWrap.oncomplete (fs.js:111:15)
26 silly fetchPackageMetaData  error for babel-loader@next { Error: No compatible version found: babel-loader@next
26 silly fetchPackageMetaData Valid install targets:
26 silly fetchPackageMetaData 7.0.0, 7.0.0-beta.1, 7.0.0-alpha.3, 7.0.0-alpha.2, 7.0.0-alpha.1, 6.4.1, 6.4.0, 6.3.2, 6.3.1, 6.3.0, 6.2.10, 6.2.9, 6.2.8, 6.2.7, 6.2.6, 6.2.5, 6.2.4, 6.2.3, 6.2.2, 6.2.1, 6.2.0, 6.1.0, 6.0.1, 6.0.0, 5.4.2, 5.4.1, 5.4.0, 5.3.3, 5.3.2, 5.3.1, 5.3.0, 5.2.2, 5.2.1, 5.2.0, 5.1.4, 5.1.3, 5.1.2, 5.1.0, 5.0.0, 4.3.0, 4.2.0, 4.1.0, 4.0.0
26 silly fetchPackageMetaData
26 silly fetchPackageMetaData     at pickVersionFromRegistryDocument (C:\Program Files\nodejs\node_modules\npm\lib\fetch-package-metadata.js:178:16)
26 silly fetchPackageMetaData     at C:\Program Files\nodejs\node_modules\npm\node_modules\iferr\index.js:13:50
26 silly fetchPackageMetaData     at C:\Program Files\nodejs\node_modules\npm\lib\utils\pulse-till-done.js:20:8
26 silly fetchPackageMetaData     at saved (C:\Program Files\nodejs\node_modules\npm\lib\cache\caching-client.js:174:7)
26 silly fetchPackageMetaData     at C:\Program Files\nodejs\node_modules\npm\node_modules\graceful-fs\polyfills.js:241:18
26 silly fetchPackageMetaData     at FSReqWrap.oncomplete (fs.js:111:15) code: 'ETARGET' }
27 silly rollbackFailedOptional Starting
28 silly rollbackFailedOptional Finishing
29 silly runTopLevelLifecycles Finishing
30 silly install printInstalled
31 verbose stack Error: No compatible version found: babel-loader@next
31 verbose stack Valid install targets:
31 verbose stack 7.0.0, 7.0.0-beta.1, 7.0.0-alpha.3, 7.0.0-alpha.2, 7.0.0-alpha.1, 6.4.1, 6.4.0, 6.3.2, 6.3.1, 6.3.0, 6.2.10, 6.2.9, 6.2.8, 6.2.7, 6.2.6, 6.2.5, 6.2.4, 6.2.3, 6.2.2, 6.2.1, 6.2.0, 6.1.0, 6.0.1, 6.0.0, 5.4.2, 5.4.1, 5.4.0, 5.3.3, 5.3.2, 5.3.1, 5.3.0, 5.2.2, 5.2.1, 5.2.0, 5.1.4, 5.1.3, 5.1.2, 5.1.0, 5.0.0, 4.3.0, 4.2.0, 4.1.0, 4.0.0
31 verbose stack
31 verbose stack     at pickVersionFromRegistryDocument (C:\Program Files\nodejs\node_modules\npm\lib\fetch-package-metadata.js:178:16)
31 verbose stack     at C:\Program Files\nodejs\node_modules\npm\node_modules\iferr\index.js:13:50
31 verbose stack     at C:\Program Files\nodejs\node_modules\npm\lib\utils\pulse-till-done.js:20:8
31 verbose stack     at saved (C:\Program Files\nodejs\node_modules\npm\lib\cache\caching-client.js:174:7)
31 verbose stack     at C:\Program Files\nodejs\node_modules\npm\node_modules\graceful-fs\polyfills.js:241:18
31 verbose stack     at FSReqWrap.oncomplete (fs.js:111:15)
32 verbose cwd C:\Users\Byron\Desktop\poker_playhouse
33 error Windows_NT 6.1.7601
34 error argv "C:\\Program Files\\nodejs\\node.exe" "C:\\Program Files\\nodejs\\node_modules\\npm\\bin\\npm-cli.js" "i" "-S" "babel-loader@next"
35 error node v7.2.0
36 error npm  v3.10.9
37 error code ETARGET
38 error notarget No compatible version found: babel-loader@next
38 error notarget Valid install targets:
38 error notarget 7.0.0, 7.0.0-beta.1, 7.0.0-alpha.3, 7.0.0-alpha.2, 7.0.0-alpha.1, 6.4.1, 6.4.0, 6.3.2, 6.3.1, 6.3.0, 6.2.10, 6.2.9, 6.2.8, 6.2.7, 6.2.6, 6.2.5, 6.2.4, 6.2.3, 6.2.2, 6.2.1, 6.2.0, 6.1.0, 6.0.1, 6.0.0, 5.4.2, 5.4.1, 5.4.0, 5.3.3, 5.3.2, 5.3.1, 5.3.0, 5.2.2, 5.2.1, 5.2.0, 5.1.4, 5.1.3, 5.1.2, 5.1.0, 5.0.0, 4.3.0, 4.2.0, 4.1.0, 4.0.0
39 error notarget This is most likely not a problem with npm itself.
39 error notarget In most cases you or one of your dependencies are requesting
39 error notarget a package version that doesn't exist.
40 verbose exit [ 1, true ]
